[native][platform]2020-3-9 10:47:34	初始化上课平台
[native][net]2020-3-9 10:47:35	config.urlValue:["bellplanet://lesson/?package_id=259&lesson_id=848&class_id=18753&act_id=9040&temporary_token=wGRQVm8qy5%3ApYW6E&back_url=http%253A%252F%252Fdemocm.wkcoding.com%252F%2523%252Fcm%252Ftea_classrooms_lesson%252F259%252F18753%252F848&bell_origin=demoapi.wkcoding.com"]
[native][main]2020-3-9 10:47:35	发送主进程消息:CHECK_UPDATE args
[native][main]2020-3-9 10:47:35	收到渲染进程消息:CHECK_UPDATE_COMPLETE args
[native][update]2020-3-9 10:47:35	从平台进入
[native][server]2020-3-9 10:47:35	初始化平台数据
[native][net]2020-3-9 10:47:35	请求登录贝尔平台
[native][net]2020-3-9 10:47:35	http post data:["temporary_token=wGRQVm8qy5%3ApYW6E"]
[native][net]2020-3-9 10:47:35	请求获取贝尔平台用户信息
[native][net]2020-3-9 10:47:35	登陆贝尔平台成功, token:54fa9fe0-61b0-11ea-b203-0242ac140003-6460
[native][main]2020-3-9 10:47:35	发送主进程消息:SAVE_NATIVE_LOGIN_RESPONSE args:[{"code":200,"message":"","data":{"user_info":{"hash_id":"wGRQVm8qy5","userid":15432,"username":"bell_cs11","real_name":"小贝星球","usertype":"5","avator":"https://img.wkcoding.com/admin/image/user-img.png","nickname":"bell_cs11","gold_num":0,"code_num":0,"conch_num":0,"sex":1,"age":0,"is_incharge_teacher":0,"is_registration_finished":true,"school":{"id":22,"name":"洋洋的编程学校","school_type":2,"cooperation_type":"makcoo_joined","hash_id":"pDV1Z7R7Qz","brand_id":0,"is_brand_default_school":0},"phone":"15811112222","is_offline_business_user":1,"unlocked_level":0,"current_level":0,"is_certified_teacher":1,"is_wx_site_connected":false,"is_wx_official_connected":false},"sys_info":{"lan":"cn"}},"token":"3f7a21a6e264cd8e8b1bcd313987df85","timestamp":1583725655,"data_hash":"d89e5ccf3d0867f7f6570b0d900e1c4c"}]
[native][net]2020-3-9 10:47:35	获取贝尔平台用户信息成功
[native][test]2020-3-9 10:47:35	config.userType:[5]
[native][net]2020-3-9 10:47:35	初始化native本地服务器配置
[native][test]2020-3-9 10:47:35	queryObject:[{"pcNative":1,"gameChannel":"bian_lesson","package_id":"259","lesson_id":"848","class_id":"18753","act_id":"9040","back_url":"http%3A%2F%2Fdemocm.wkcoding.com%2F%23%2Fcm%2Ftea_classrooms_lesson%2F259%2F18753%2F848","token":"54fa9fe0-61b0-11ea-b203-0242ac140003-6460","fakeUserType":5}]
[native][main]2020-3-9 10:47:35	发送主进程消息:START_NATIVE_PLATFORM args:[{"pcNative":1,"gameChannel":"bian_lesson","package_id":"259","lesson_id":"848","class_id":"18753","act_id":"9040","back_url":"http%3A%2F%2Fdemocm.wkcoding.com%2F%23%2Fcm%2Ftea_classrooms_lesson%2F259%2F18753%2F848","token":"54fa9fe0-61b0-11ea-b203-0242ac140003-6460","fakeUserType":5}]
[native][net]2020-3-9 10:47:35	开始创建native服务器
[native][net]2020-3-9 10:47:35	创建native服务器成功,端口号:[56851]
[native][net]2020-3-9 10:47:35	创建游戏服务器
[native][cmd]2020-3-9 10:47:35	cmd --> command:game cwd:D:\Program Files\bellplanet\resources\app\src\main/../../package/server/
[native][net]2020-3-9 10:48:21	收到游戏服务器消息 pathname:/serverState args:[{"snode":"100","channel":"bian_lesson","token":"b52c6300e13e4a0fe31223ea090ab6fa","localPort":"3211","localIp":"192.168.1.155","natPort":"80","natUrl":"ptkb3640211.codingmonkey.com.cn","online":"0","name":"s_æµè¯å­¦æ ¡_c_20200208_l_å¼å¯æçä¹æ_n_1"}]
[native][net]2020-3-9 10:48:21	收到游戏服务器启动完毕消息
[native][net]2020-3-9 10:48:21	gameServer --> localIp:192.168.1.155 localPort:3211 natUrl:ptkb3640211.codingmonkey.com.cn natPort:80
[native][net]2020-3-9 10:48:21	native上课客户端登录本地游戏服务器:["192.168.1.155:3211"]
[native][net]2020-3-9 10:48:21	请求上报老师ip
[native][net]2020-3-9 10:48:21	http post data:["token=54fa9fe0-61b0-11ea-b203-0242ac140003-6460&class_id=18753&internet_network=ptkb3640211.codingmonkey.com.cn%3A80&local_network=192.168.1.155%3A3211"]
[native][net]2020-3-9 10:48:21	关闭游戏服务器启动推送成功
[native][net]2020-3-9 10:48:21	上报老师ip成功
[native][electron]2020-3-9 10:50:58	运行第二个实例
[native][electron]2020-3-9 10:50:58	显示当前主窗口
[native][net]2020-3-9 10:50:58	关闭游戏服务器成功
[native][electron]2020-3-9 10:50:58	config.urlValue:["bellplanet://lesson/?package_id=259&lesson_id=848&class_id=18753&act_id=9040&temporary_token=wGRQVm8qy5%3Aahwxf&back_url=http%253A%252F%252Fdemocm.wkcoding.com%252F%2523%252Fcm%252Ftea_classrooms_lesson%252F259%252F18753%252F848&bell_origin=demoapi.wkcoding.com"]
[native][platform]2020-3-9 10:50:58	初始化上课平台
[native][cmd]2020-3-9 10:50:58	创建游戏服务器成功
[native][net]2020-3-9 10:50:59	config.urlValue:["bellplanet://lesson/?package_id=259&lesson_id=848&class_id=18753&act_id=9040&temporary_token=wGRQVm8qy5%3Aahwxf&back_url=http%253A%252F%252Fdemocm.wkcoding.com%252F%2523%252Fcm%252Ftea_classrooms_lesson%252F259%252F18753%252F848&bell_origin=demoapi.wkcoding.com"]
[native][main]2020-3-9 10:50:59	发送主进程消息:CHECK_UPDATE args
[native][main]2020-3-9 10:50:59	收到渲染进程消息:CHECK_UPDATE_COMPLETE args
[native][update]2020-3-9 10:50:59	从平台进入
[native][server]2020-3-9 10:50:59	初始化平台数据
[native][net]2020-3-9 10:50:59	请求登录贝尔平台
[native][net]2020-3-9 10:50:59	http post data:["temporary_token=wGRQVm8qy5%3Aahwxf"]
[native][net]2020-3-9 10:50:59	请求获取贝尔平台用户信息
[native][net]2020-3-9 10:50:59	登陆贝尔平台成功, token:ce9e7a74-61b0-11ea-8a7e-0242ac140003-7523
[native][main]2020-3-9 10:50:59	发送主进程消息:SAVE_NATIVE_LOGIN_RESPONSE args:[{"code":200,"message":"","data":{"user_info":{"hash_id":"wGRQVm8qy5","userid":15432,"username":"bell_cs11","real_name":"小贝星球","usertype":"5","avator":"https://img.wkcoding.com/admin/image/user-img.png","nickname":"bell_cs11","gold_num":0,"code_num":0,"conch_num":0,"sex":1,"age":0,"is_incharge_teacher":0,"is_registration_finished":true,"school":{"id":22,"name":"洋洋的编程学校","school_type":2,"cooperation_type":"makcoo_joined","hash_id":"pDV1Z7R7Qz","brand_id":0,"is_brand_default_school":0},"phone":"15811112222","is_offline_business_user":1,"unlocked_level":0,"current_level":0,"is_certified_teacher":1,"is_wx_site_connected":false,"is_wx_official_connected":false},"sys_info":{"lan":"cn"}},"token":"fdad82b0b57443bc2d027e90e13f15bc","timestamp":1583725859,"data_hash":"d89e5ccf3d0867f7f6570b0d900e1c4c"}]
[native][net]2020-3-9 10:50:59	获取贝尔平台用户信息成功
[native][test]2020-3-9 10:50:59	config.userType:[5]
[native][net]2020-3-9 10:50:59	初始化native本地服务器配置
[native][test]2020-3-9 10:50:59	queryObject:[{"pcNative":1,"gameChannel":"bian_lesson","package_id":"259","lesson_id":"848","class_id":"18753","act_id":"9040","back_url":"http%3A%2F%2Fdemocm.wkcoding.com%2F%23%2Fcm%2Ftea_classrooms_lesson%2F259%2F18753%2F848","token":"ce9e7a74-61b0-11ea-8a7e-0242ac140003-7523","fakeUserType":5}]
[native][main]2020-3-9 10:50:59	发送主进程消息:START_NATIVE_PLATFORM args:[{"pcNative":1,"gameChannel":"bian_lesson","package_id":"259","lesson_id":"848","class_id":"18753","act_id":"9040","back_url":"http%3A%2F%2Fdemocm.wkcoding.com%2F%23%2Fcm%2Ftea_classrooms_lesson%2F259%2F18753%2F848","token":"ce9e7a74-61b0-11ea-8a7e-0242ac140003-7523","fakeUserType":5}]
[native][net]2020-3-9 10:50:59	关闭旧的native服务器
[native][net]2020-3-9 10:50:59	关闭native服务器成功
[native][net]2020-3-9 10:50:59	开始创建native服务器
[native][net]2020-3-9 10:50:59	创建native服务器成功,端口号:[56954]
[native][net]2020-3-9 10:50:59	创建游戏服务器
[native][cmd]2020-3-9 10:50:59	cmd --> command:game cwd:D:\Program Files\bellplanet\resources\app\src\main/../../package/server/
[native][net]2020-3-9 10:51:46	收到游戏服务器消息 pathname:/serverState args:[{"snode":"100","channel":"bian_lesson","token":"b52c6300e13e4a0fe31223ea090ab6fa","localPort":"3211","localIp":"192.168.1.155","natPort":"80","natUrl":"fpvo3640211.codingmonkey.com.cn","online":"0","name":"s_æµè¯å­¦æ ¡_c_20200208_l_å¼å¯æçä¹æ_n_1"}]
[native][net]2020-3-9 10:51:46	收到游戏服务器启动完毕消息
[native][net]2020-3-9 10:51:46	gameServer --> localIp:192.168.1.155 localPort:3211 natUrl:fpvo3640211.codingmonkey.com.cn natPort:80
[native][net]2020-3-9 10:51:46	native上课客户端登录本地游戏服务器:["192.168.1.155:3211"]
[native][net]2020-3-9 10:51:46	请求上报老师ip
[native][net]2020-3-9 10:51:46	http post data:["token=ce9e7a74-61b0-11ea-8a7e-0242ac140003-7523&class_id=18753&internet_network=fpvo3640211.codingmonkey.com.cn%3A80&local_network=192.168.1.155%3A3211"]
[native][net]2020-3-9 10:51:46	关闭游戏服务器启动推送成功
[native][net]2020-3-9 10:51:46	上报老师ip成功
[native][electron]2020-3-9 10:52:20	运行第二个实例
[native][electron]2020-3-9 10:52:20	显示当前主窗口
[native][net]2020-3-9 10:52:20	关闭游戏服务器成功
[native][electron]2020-3-9 10:52:20	config.urlValue:["bellplanet://lesson/?package_id=259&lesson_id=848&class_id=18753&act_id=9041&temporary_token=wGRQVm8qy5%3Ag33S4&back_url=http%253A%252F%252Fdemocm.wkcoding.com%252F%2523%252Fcm%252Ftea_classrooms_lesson%252F259%252F18753%252F848&bell_origin=demoapi.wkcoding.com"]
[native][platform]2020-3-9 10:52:20	初始化上课平台
[native][cmd]2020-3-9 10:52:20	创建游戏服务器成功
[native][net]2020-3-9 10:52:20	config.urlValue:["bellplanet://lesson/?package_id=259&lesson_id=848&class_id=18753&act_id=9041&temporary_token=wGRQVm8qy5%3Ag33S4&back_url=http%253A%252F%252Fdemocm.wkcoding.com%252F%2523%252Fcm%252Ftea_classrooms_lesson%252F259%252F18753%252F848&bell_origin=demoapi.wkcoding.com"]
[native][main]2020-3-9 10:52:20	发送主进程消息:CHECK_UPDATE args
[native][main]2020-3-9 10:52:20	收到渲染进程消息:CHECK_UPDATE_COMPLETE args
[native][update]2020-3-9 10:52:20	从平台进入
[native][server]2020-3-9 10:52:20	初始化平台数据
[native][net]2020-3-9 10:52:20	请求登录贝尔平台
[native][net]2020-3-9 10:52:20	http post data:["temporary_token=wGRQVm8qy5%3Ag33S4"]
[native][net]2020-3-9 10:52:21	请求获取贝尔平台用户信息
[native][net]2020-3-9 10:52:21	登陆贝尔平台成功, token:ff1a5c7c-61b0-11ea-8dff-0242ac140003-984
[native][main]2020-3-9 10:52:21	发送主进程消息:SAVE_NATIVE_LOGIN_RESPONSE args:[{"code":200,"message":"","data":{"user_info":{"hash_id":"wGRQVm8qy5","userid":15432,"username":"bell_cs11","real_name":"小贝星球","usertype":"5","avator":"https://img.wkcoding.com/admin/image/user-img.png","nickname":"bell_cs11","gold_num":0,"code_num":0,"conch_num":0,"sex":1,"age":0,"is_incharge_teacher":0,"is_registration_finished":true,"school":{"id":22,"name":"洋洋的编程学校","school_type":2,"cooperation_type":"makcoo_joined","hash_id":"pDV1Z7R7Qz","brand_id":0,"is_brand_default_school":0},"phone":"15811112222","is_offline_business_user":1,"unlocked_level":0,"current_level":0,"is_certified_teacher":1,"is_wx_site_connected":false,"is_wx_official_connected":false},"sys_info":{"lan":"cn"}},"token":"0e72554c9d4c3617aecc98c7cdec8539","timestamp":1583725941,"data_hash":"d89e5ccf3d0867f7f6570b0d900e1c4c"}]
[native][net]2020-3-9 10:52:21	获取贝尔平台用户信息成功
[native][test]2020-3-9 10:52:21	config.userType:[5]
[native][net]2020-3-9 10:52:21	初始化native本地服务器配置
[native][test]2020-3-9 10:52:21	queryObject:[{"pcNative":1,"gameChannel":"bian_lesson","package_id":"259","lesson_id":"848","class_id":"18753","act_id":"9041","back_url":"http%3A%2F%2Fdemocm.wkcoding.com%2F%23%2Fcm%2Ftea_classrooms_lesson%2F259%2F18753%2F848","token":"ff1a5c7c-61b0-11ea-8dff-0242ac140003-984","fakeUserType":5}]
[native][main]2020-3-9 10:52:21	发送主进程消息:START_NATIVE_PLATFORM args:[{"pcNative":1,"gameChannel":"bian_lesson","package_id":"259","lesson_id":"848","class_id":"18753","act_id":"9041","back_url":"http%3A%2F%2Fdemocm.wkcoding.com%2F%23%2Fcm%2Ftea_classrooms_lesson%2F259%2F18753%2F848","token":"ff1a5c7c-61b0-11ea-8dff-0242ac140003-984","fakeUserType":5}]
[native][net]2020-3-9 10:52:21	关闭旧的native服务器
[native][net]2020-3-9 10:52:21	关闭native服务器成功
[native][net]2020-3-9 10:52:21	开始创建native服务器
[native][net]2020-3-9 10:52:21	创建native服务器成功,端口号:[57045]
[native][net]2020-3-9 10:52:21	创建游戏服务器
[native][cmd]2020-3-9 10:52:21	cmd --> command:game cwd:D:\Program Files\bellplanet\resources\app\src\main/../../package/server/
[native][net]2020-3-9 10:53:20	收到游戏服务器消息 pathname:/serverState args:[{"snode":"100","channel":"bian_lesson","token":"b52c6300e13e4a0fe31223ea090ab6fa","localPort":"3211","localIp":"192.168.1.155","natPort":"80","natUrl":"jzpn3640211.codingmonkey.com.cn","online":"0","name":"s_æµè¯å­¦æ ¡_c_20200208_l_å¼å¯æçä¹æ_n_1"}]
[native][net]2020-3-9 10:53:20	收到游戏服务器启动完毕消息
[native][net]2020-3-9 10:53:20	gameServer --> localIp:192.168.1.155 localPort:3211 natUrl:jzpn3640211.codingmonkey.com.cn natPort:80
[native][net]2020-3-9 10:53:20	native上课客户端登录本地游戏服务器:["192.168.1.155:3211"]
[native][net]2020-3-9 10:53:20	请求上报老师ip
[native][net]2020-3-9 10:53:20	http post data:["token=ff1a5c7c-61b0-11ea-8dff-0242ac140003-984&class_id=18753&internet_network=jzpn3640211.codingmonkey.com.cn%3A80&local_network=192.168.1.155%3A3211"]
[native][net]2020-3-9 10:53:20	关闭游戏服务器启动推送成功
[native][net]2020-3-9 10:53:20	上报老师ip成功
[native][electron]2020-3-9 10:53:29	运行第二个实例
[native][electron]2020-3-9 10:53:30	显示当前主窗口
[native][net]2020-3-9 10:53:30	关闭游戏服务器成功
[native][electron]2020-3-9 10:53:30	config.urlValue:["bellplanet://lesson/?package_id=259&lesson_id=848&class_id=18753&act_id=9041&temporary_token=wGRQVm8qy5%3A0c3k7&back_url=http%253A%252F%252Fdemocm.wkcoding.com%252F%2523%252Fcm%252Ftea_classrooms_lesson%252F259%252F18753%252F848&bell_origin=demoapi.wkcoding.com"]
[native][platform]2020-3-9 10:53:30	初始化上课平台
[native][cmd]2020-3-9 10:53:30	创建游戏服务器成功
[native][net]2020-3-9 10:53:30	config.urlValue:["bellplanet://lesson/?package_id=259&lesson_id=848&class_id=18753&act_id=9041&temporary_token=wGRQVm8qy5%3A0c3k7&back_url=http%253A%252F%252Fdemocm.wkcoding.com%252F%2523%252Fcm%252Ftea_classrooms_lesson%252F259%252F18753%252F848&bell_origin=demoapi.wkcoding.com"]
[native][main]2020-3-9 10:53:30	发送主进程消息:CHECK_UPDATE args
[native][main]2020-3-9 10:53:30	收到渲染进程消息:CHECK_UPDATE_COMPLETE args
[native][update]2020-3-9 10:53:30	从平台进入
[native][server]2020-3-9 10:53:30	初始化平台数据
[native][net]2020-3-9 10:53:30	请求登录贝尔平台
[native][net]2020-3-9 10:53:30	http post data:["temporary_token=wGRQVm8qy5%3A0c3k7"]
[native][net]2020-3-9 10:53:30	请求获取贝尔平台用户信息
[native][net]2020-3-9 10:53:30	登陆贝尔平台成功, token:28b2cc68-61b1-11ea-9ce8-0242ac140003-8572
[native][main]2020-3-9 10:53:30	发送主进程消息:SAVE_NATIVE_LOGIN_RESPONSE args:[{"code":200,"message":"","data":{"user_info":{"hash_id":"wGRQVm8qy5","userid":15432,"username":"bell_cs11","real_name":"小贝星球","usertype":"5","avator":"https://img.wkcoding.com/admin/image/user-img.png","nickname":"bell_cs11","gold_num":0,"code_num":0,"conch_num":0,"sex":1,"age":0,"is_incharge_teacher":0,"is_registration_finished":true,"school":{"id":22,"name":"洋洋的编程学校","school_type":2,"cooperation_type":"makcoo_joined","hash_id":"pDV1Z7R7Qz","brand_id":0,"is_brand_default_school":0},"phone":"15811112222","is_offline_business_user":1,"unlocked_level":0,"current_level":0,"is_certified_teacher":1,"is_wx_site_connected":false,"is_wx_official_connected":false},"sys_info":{"lan":"cn"}},"token":"347443fbe32379a5061f81c30d9585e2","timestamp":1583726011,"data_hash":"d89e5ccf3d0867f7f6570b0d900e1c4c"}]
[native][net]2020-3-9 10:53:30	获取贝尔平台用户信息成功
[native][test]2020-3-9 10:53:30	config.userType:[5]
[native][net]2020-3-9 10:53:30	初始化native本地服务器配置
[native][test]2020-3-9 10:53:30	queryObject:[{"pcNative":1,"gameChannel":"bian_lesson","package_id":"259","lesson_id":"848","class_id":"18753","act_id":"9041","back_url":"http%3A%2F%2Fdemocm.wkcoding.com%2F%23%2Fcm%2Ftea_classrooms_lesson%2F259%2F18753%2F848","token":"28b2cc68-61b1-11ea-9ce8-0242ac140003-8572","fakeUserType":5}]
[native][main]2020-3-9 10:53:30	发送主进程消息:START_NATIVE_PLATFORM args:[{"pcNative":1,"gameChannel":"bian_lesson","package_id":"259","lesson_id":"848","class_id":"18753","act_id":"9041","back_url":"http%3A%2F%2Fdemocm.wkcoding.com%2F%23%2Fcm%2Ftea_classrooms_lesson%2F259%2F18753%2F848","token":"28b2cc68-61b1-11ea-9ce8-0242ac140003-8572","fakeUserType":5}]
[native][net]2020-3-9 10:53:30	关闭旧的native服务器
[native][net]2020-3-9 10:53:31	关闭native服务器成功
[native][net]2020-3-9 10:53:31	开始创建native服务器
[native][net]2020-3-9 10:53:31	创建native服务器成功,端口号:[57122]
[native][net]2020-3-9 10:53:31	创建游戏服务器
[native][cmd]2020-3-9 10:53:31	cmd --> command:game cwd:D:\Program Files\bellplanet\resources\app\src\main/../../package/server/
[native][net]2020-3-9 10:54:14	收到游戏服务器消息 pathname:/serverState args:[{"snode":"100","channel":"bian_lesson","token":"b52c6300e13e4a0fe31223ea090ab6fa","localPort":"3211","localIp":"192.168.1.155","natPort":"80","natUrl":"dfpk3640211.codingmonkey.com.cn","online":"0","name":"s_æµè¯å­¦æ ¡_c_20200208_l_å¼å¯æçä¹æ_n_1"}]
[native][net]2020-3-9 10:54:14	收到游戏服务器启动完毕消息
[native][net]2020-3-9 10:54:14	gameServer --> localIp:192.168.1.155 localPort:3211 natUrl:dfpk3640211.codingmonkey.com.cn natPort:80
[native][net]2020-3-9 10:54:14	native上课客户端登录本地游戏服务器:["192.168.1.155:3211"]
[native][net]2020-3-9 10:54:14	请求上报老师ip
[native][net]2020-3-9 10:54:14	http post data:["token=28b2cc68-61b1-11ea-9ce8-0242ac140003-8572&class_id=18753&internet_network=dfpk3640211.codingmonkey.com.cn%3A80&local_network=192.168.1.155%3A3211"]
[native][net]2020-3-9 10:54:14	关闭游戏服务器启动推送成功
[native][net]2020-3-9 10:54:14	上报老师ip成功
